\BOOKMARK [0][-]{chapter*.6}{\376\377\000I\000n\000t\000r\000o\000d\000u\000c\000c\000i\000\363}{}% 1
\BOOKMARK [0][-]{chapter.1}{\376\377\000P\000r\000o\000c\000e\000s\000s\000a\000m\000e\000n\000t\000\040\000d\000e\000\040\000l\000e\000s\000\040\000d\000a\000d\000e\000s}{}% 2
\BOOKMARK [1][-]{section.1.1}{\376\377\000L\000o\000g\000s}{chapter.1}% 3
\BOOKMARK [2][-]{subsection.1.1.1}{\376\377\000A\000n\000\340\000l\000i\000s\000i\000\040\000s\000u\000p\000e\000r\000f\000i\000c\000i\000a\000l\000\040\000d\000e\000l\000s\000\040\000l\000o\000g\000s}{section.1.1}% 4
\BOOKMARK [2][-]{subsection.1.1.2}{\376\377\000F\000i\000l\000t\000r\000a\000t\000g\000e\000\040\000d\000e\000l\000s\000\040\000l\000o\000g\000s}{section.1.1}% 5
\BOOKMARK [2][-]{subsection.1.1.3}{\376\377\000D\000i\000s\000s\000e\000n\000y\000\040\000t\000\350\000c\000n\000i\000c}{section.1.1}% 6
\BOOKMARK [2][-]{subsection.1.1.4}{\376\377\000I\000m\000p\000l\000e\000m\000e\000n\000t\000a\000c\000i\000\363}{section.1.1}% 7
\BOOKMARK [1][-]{section.1.2}{\376\377\000M\000e\000t\000a\000d\000a\000d\000e\000s}{chapter.1}% 8
\BOOKMARK [2][-]{subsection.1.2.1}{\376\377\000O\000A\000I\000-\000P\000M\000H}{section.1.2}% 9
\BOOKMARK [2][-]{subsection.1.2.2}{\376\377\000C\000o\000n\000t\000r\000o\000l\000\040\000d\000e\000\040\000F\000l\000u\000x}{section.1.2}% 10
\BOOKMARK [2][-]{subsection.1.2.3}{\376\377\000I\000m\000p\000l\000e\000m\000e\000n\000t\000a\000c\000i\000\363}{section.1.2}% 11
\BOOKMARK [0][-]{chapter.2}{\376\377\000E\000m\000m\000a\000g\000a\000t\000z\000e\000m\000a\000t\000g\000e\000\040\000d\000e\000\040\000l\000e\000s\000\040\000d\000a\000d\000e\000s}{}% 12
\BOOKMARK [1][-]{section.2.1}{\376\377\000L\000o\000g\000s}{chapter.2}% 13
\BOOKMARK [2][-]{subsection.2.1.1}{\376\377\000B\000a\000s\000e\000s\000\040\000d\000e\000\040\000d\000a\000d\000e\000s\000\040\000c\000a\000n\000d\000i\000d\000a\000t\000e\000s}{section.2.1}% 14
\BOOKMARK [2][-]{subsection.2.1.2}{\376\377\000D\000e\000c\000i\000s\000i\000\363}{section.2.1}% 15
\BOOKMARK [2][-]{subsection.2.1.3}{\376\377\000P\000r\000o\000c\000\351\000s\000\040\000d\000'\000a\000b\000o\000c\000a\000m\000e\000n\000t\000\040\000d\000e\000l\000s\000\040\000l\000o\000g\000s}{section.2.1}% 16
\BOOKMARK [1][-]{section.2.2}{\376\377\000M\000e\000t\000a\000d\000a\000d\000e\000s}{chapter.2}% 17
\BOOKMARK [2][-]{subsection.2.2.1}{\376\377\000D\000e\000s\000t\000\355\000:\000\040\000M\000o\000n\000g\000o\000D\000B}{section.2.2}% 18
\BOOKMARK [2][-]{subsection.2.2.2}{\376\377\000E\000s\000t\000a\000d\000\355\000s\000t\000i\000q\000u\000e\000s}{section.2.2}% 19
\BOOKMARK [0][-]{chapter.3}{\376\377\000A\000n\000\340\000l\000i\000s\000i\000\040\000i\000\040\000v\000i\000s\000u\000a\000l\000i\000t\000z\000a\000c\000i\000\363\000\040\000d\000e\000\040\000l\000e\000s\000\040\000d\000a\000d\000e\000s}{}% 20
\BOOKMARK [0][-]{chapter*.20}{\376\377\000C\000o\000n\000c\000l\000u\000s\000i\000o\000n\000s}{}% 21
\BOOKMARK [0][-]{chapter*.21}{\376\377\000A\000g\000r\000a\000\357\000m\000e\000n\000t\000s}{}% 22
\BOOKMARK [0][-]{chapter*.21}{\376\377\000B\000i\000b\000l\000i\000o\000g\000r\000a\000f\000i\000a}{}% 23
\BOOKMARK [0][-]{appendix.A}{\376\377\000O\000p\000e\000n\000\040\000S\000c\000i\000e\000n\000c\000e\000\040\000T\000o\000o\000l\000k\000i\000t\000\040\000I\000n\000f\000o\000r\000m\000a\000t\000i\000o\000n\000\040\000A\000c\000c\000e\000s\000s}{}% 24
\BOOKMARK [0][-]{appendix.B}{\376\377\000S\000e\000r\000v\000i\000d\000o\000r\000\040\000d\000e\000\040\000t\000r\000e\000b\000a\000l\000l}{}% 25
\BOOKMARK [0][-]{appendix.C}{\376\377\000C\000o\000n\000f\000i\000g\000u\000r\000a\000c\000i\000\363\000\040\000d\000e\000\040\000G\000r\000a\000f\000a\000n\000a}{}% 26
\BOOKMARK [0][-]{appendix.D}{\376\377\000R\000e\000s\000u\000l\000t\000a\000t\000\040\000d\000e\000\040\000l\000'\000a\000b\000o\000c\000a\000m\000e\000n\000t\000\040\000d\000e\000l\000s\000\040\000l\000o\000g\000s}{}% 27
